SF:lib/models/property.g.dart
DA:9,2
DA:10,1
DA:11,1
DA:12,1
DA:13,1
DA:14,1
DA:15,1
DA:16,1
DA:17,1
DA:18,1
DA:19,1
DA:20,1
DA:21,2
DA:22,1
DA:23,2
DA:24,1
DA:25,1
DA:26,2
DA:27,2
DA:28,1
DA:29,1
DA:30,1
DA:32,2
DA:33,1
DA:35,2
DA:36,1
DA:39,2
DA:40,1
DA:41,1
DA:42,1
DA:43,1
DA:44,1
DA:45,1
DA:46,1
DA:47,1
DA:48,1
DA:49,1
DA:50,1
DA:51,1
DA:52,1
DA:53,1
DA:54,1
DA:55,1
DA:56,1
DA:57,1
DA:58,1
DA:59,1
DA:60,2
DA:61,2
DA:62,1
LF:50
LH:50
end_of_record
SF:lib/models/property.dart
DA:32,1
DA:58,2
DA:59,2
DA:63,2
DA:64,2
DA:126,1
DA:128,1
DA:129,3
DA:130,1
DA:131,2
DA:132,1
DA:133,1
LF:12
LH:12
end_of_record
SF:lib/service/database_service.dart
DA:4,1
DA:15,1
DA:16,1
DA:19,1
DA:22,3
DA:23,1
DA:25,2
DA:26,2
DA:29,2
DA:31,0
DA:32,0
DA:37,1
DA:40,1
DA:41,2
DA:42,2
DA:43,0
DA:44,0
LF:17
LH:13
end_of_record
